zxing/build/outputs/logs/manifest-merger-debug-report.txt
-- Merging decision tree log ---
manifest
ADDED from src/main/AndroidManifest.xml:17:1-133:12
INJECTED from src/main/AndroidManifest.xml:17:1-133:12
INJECTED from src/main/AndroidManifest.xml:17:1-133:12
INJECTED from src/main/AndroidManifest.xml:17:1-133:12
INJECTED from src/main/AndroidManifest.xml:17:1-133:12
INJECTED from src/main/AndroidManifest.xml:17:1-133:12
INJECTED from src/main/AndroidManifest.xml:17:1-133:12
	package
		ADDED from src/main/AndroidManifest.xml:18:11-52
		INJECTED from src/main/AndroidManifest.xml
		INJECTED from src/main/AndroidManifest.xml
	android:versionName
		ADDED from src/main/AndroidManifest.xml:19:11-38
		INJECTED from src/main/AndroidManifest.xml
		INJECTED from src/main/AndroidManifest.xml
	xmlns:android
		ADDED from src/main/AndroidManifest.xml:17:11-69
	android:versionCode
		ADDED from src/main/AndroidManifest.xml:20:11-36
		INJECTED from src/main/AndroidManifest.xml
		INJECTED from src/main/AndroidManifest.xml
	android:installLocation
		ADDED from src/main/AndroidManifest.xml:21:11-41
uses-permission#android.permission.CAMERA
ADDED from src/main/AndroidManifest.xml:23:3-62
	android:name
		ADDED from src/main/AndroidManifest.xml:23:20-60
uses-permission#android.permission.INTERNET
ADDED from src/main/AndroidManifest.xml:24:3-64
	android:name
		ADDED from src/main/AndroidManifest.xml:24:20-62
uses-permission#android.permission.VIBRATE
ADDED from src/main/AndroidManifest.xml:25:3-63
	android:name
		ADDED from src/main/AndroidManifest.xml:25:20-61
uses-permission#android.permission.FLASHLIGHT
ADDED from src/main/AndroidManifest.xml:26:3-66
	android:name
		ADDED from src/main/AndroidManifest.xml:26:20-64
uses-permission#android.permission.READ_CONTACTS
ADDED from src/main/AndroidManifest.xml:27:3-69
	android:name
		ADDED from src/main/AndroidManifest.xml:27:20-67
uses-permission#com.android.browser.permission.READ_HISTORY_BOOKMARKS
ADDED from src/main/AndroidManifest.xml:29:3-90
	android:name
		ADDED from src/main/AndroidManifest.xml:29:20-88
uses-permission#android.permission.WRITE_EXTERNAL_STORAGE
ADDED from src/main/AndroidManifest.xml:30:3-78
	android:name
		ADDED from src/main/AndroidManifest.xml:30:20-76
uses-permission#android.permission.CHANGE_WIFI_STATE
ADDED from src/main/AndroidManifest.xml:31:3-73
	android:name
		ADDED from src/main/AndroidManifest.xml:31:20-71
uses-permission#android.permission.ACCESS_WIFI_STATE
ADDED from src/main/AndroidManifest.xml:32:3-73
	android:name
		ADDED from src/main/AndroidManifest.xml:32:20-71
uses-feature#android.hardware.camera.any
ADDED from src/main/AndroidManifest.xml:34:3-61
	android:name
		ADDED from src/main/AndroidManifest.xml:34:17-59
uses-feature#android.hardware.camera.autofocus
ADDED from src/main/AndroidManifest.xml:35:3-92
	android:required
		ADDED from src/main/AndroidManifest.xml:35:66-90
	android:name
		ADDED from src/main/AndroidManifest.xml:35:17-65
uses-feature#android.hardware.camera.flash
ADDED from src/main/AndroidManifest.xml:36:3-88
	android:required
		ADDED from src/main/AndroidManifest.xml:36:62-86
	android:name
		ADDED from src/main/AndroidManifest.xml:36:17-61
uses-feature#android.hardware.screen.landscape
ADDED from src/main/AndroidManifest.xml:37:3-67
	android:name
		ADDED from src/main/AndroidManifest.xml:37:17-65
uses-feature#android.hardware.wifi
ADDED from src/main/AndroidManifest.xml:38:3-80
	android:required
		ADDED from src/main/AndroidManifest.xml:38:54-78
	android:name
		ADDED from src/main/AndroidManifest.xml:38:17-53
application
ADDED from src/main/AndroidManifest.xml:40:3-131:17
activity#com.google.zxing.client.android.CaptureActivity
ADDED from src/main/AndroidManifest.xml:41:5-78:16
	android:screenOrientation
		ADDED from src/main/AndroidManifest.xml:42:15-57
	android:clearTaskOnLaunch
		ADDED from src/main/AndroidManifest.xml:43:15-47
	android:stateNotNeeded
		ADDED from src/main/AndroidManifest.xml:44:15-44
	android:windowSoftInputMode
		ADDED from src/main/AndroidManifest.xml:45:15-62
	android:name
		ADDED from src/main/AndroidManifest.xml:41:15-46
intent-filter#action:name:com.google.zxing.client.android.SCAN+category:name:android.intent.category.DEFAULT
ADDED from src/main/AndroidManifest.xml:46:7-49:23
action#com.google.zxing.client.android.SCAN
ADDED from src/main/AndroidManifest.xml:47:9-70
	android:name
		ADDED from src/main/AndroidManifest.xml:47:17-68
category#android.intent.category.DEFAULT
ADDED from src/main/AndroidManifest.xml:48:9-67
	android:name
		ADDED from src/main/AndroidManifest.xml:48:19-65
intent-filter#action:name:android.intent.action.VIEW+category:name:android.intent.category.BROWSABLE+category:name:android.intent.category.DEFAULT+data:host:zxing.appspot.com+data:path:/scan+data:scheme:http
ADDED from src/main/AndroidManifest.xml:51:7-56:23
action#android.intent.action.VIEW
ADDED from src/main/AndroidManifest.xml:52:9-60
	android:name
		ADDED from src/main/AndroidManifest.xml:52:17-58
category#android.intent.category.BROWSABLE
ADDED from src/main/AndroidManifest.xml:54:9-69
	android:name
		ADDED from src/main/AndroidManifest.xml:54:19-67
data
ADDED from src/main/AndroidManifest.xml:55:9-92
	android:path
		ADDED from src/main/AndroidManifest.xml:55:70-90
	android:host
		ADDED from src/main/AndroidManifest.xml:55:37-69
	android:scheme
		ADDED from src/main/AndroidManifest.xml:55:15-36
	android:mimeType
		ADDED from src/main/AndroidManifest.xml:92:15-46
intent-filter#action:name:android.intent.action.VIEW+category:name:android.intent.category.BROWSABLE+category:name:android.intent.category.DEFAULT+data:host:www.google.com+data:path:/m/products/scan+data:scheme:http
ADDED from src/main/AndroidManifest.xml:58:7-63:23
intent-filter#action:name:android.intent.action.VIEW+category:name:android.intent.category.BROWSABLE+category:name:android.intent.category.DEFAULT+data:host:www.google.co.uk+data:path:/m/products/scan+data:scheme:http
ADDED from src/main/AndroidManifest.xml:65:7-70:23
intent-filter#action:name:android.intent.action.VIEW+category:name:android.intent.category.BROWSABLE+category:name:android.intent.category.DEFAULT+data:host:scan+data:path:/+data:scheme:zxing
ADDED from src/main/AndroidManifest.xml:72:7-77:23
activity#com.google.zxing.client.android.PreferencesActivity
ADDED from src/main/AndroidManifest.xml:79:5-81:46
	android:stateNotNeeded
		ADDED from src/main/AndroidManifest.xml:81:15-44
	android:label
		ADDED from src/main/AndroidManifest.xml:80:15-55
	android:name
		ADDED from src/main/AndroidManifest.xml:79:15-50
activity#com.google.zxing.client.android.encode.EncodeActivity
ADDED from src/main/AndroidManifest.xml:82:5-100:16
	android:stateNotNeeded
		ADDED from src/main/AndroidManifest.xml:83:15-44
	android:name
		ADDED from src/main/AndroidManifest.xml:82:15-52
intent-filter#action:name:com.google.zxing.client.android.ENCODE+category:name:android.intent.category.DEFAULT
ADDED from src/main/AndroidManifest.xml:84:7-87:23
action#com.google.zxing.client.android.ENCODE
ADDED from src/main/AndroidManifest.xml:85:9-72
	android:name
		ADDED from src/main/AndroidManifest.xml:85:17-70
intent-filter#action:name:android.intent.action.SEND+category:name:android.intent.category.DEFAULT+data:mimeType:text/x-vcard
ADDED from src/main/AndroidManifest.xml:89:7-93:23
action#android.intent.action.SEND
ADDED from src/main/AndroidManifest.xml:90:9-60
	android:name
		ADDED from src/main/AndroidManifest.xml:90:17-58
intent-filter#action:name:android.intent.action.SEND+category:name:android.intent.category.DEFAULT+data:mimeType:text/plain
ADDED from src/main/AndroidManifest.xml:95:7-99:23
activity#com.google.zxing.client.android.book.SearchBookContentsActivity
ADDED from src/main/AndroidManifest.xml:101:5-109:16
	android:screenOrientation
		ADDED from src/main/AndroidManifest.xml:104:15-58
	android:stateNotNeeded
		ADDED from src/main/AndroidManifest.xml:103:15-44
	android:label
		ADDED from src/main/AndroidManifest.xml:102:15-47
	android:name
		ADDED from src/main/AndroidManifest.xml:101:15-62
intent-filter#action:name:com.google.zxing.client.android.SEARCH_BOOK_CONTENTS+category:name:android.intent.category.DEFAULT
ADDED from src/main/AndroidManifest.xml:105:7-108:23
action#com.google.zxing.client.android.SEARCH_BOOK_CONTENTS
ADDED from src/main/AndroidManifest.xml:106:9-86
	android:name
		ADDED from src/main/AndroidManifest.xml:106:17-84
activity#com.google.zxing.client.android.share.ShareActivity
ADDED from src/main/AndroidManifest.xml:110:5-117:16
	android:screenOrientation
		ADDED from src/main/AndroidManifest.xml:112:15-47
	android:stateNotNeeded
		ADDED from src/main/AndroidManifest.xml:111:15-44
	android:name
		ADDED from src/main/AndroidManifest.xml:110:15-50
intent-filter#action:name:com.google.zxing.client.android.SHARE+category:name:android.intent.category.DEFAULT
ADDED from src/main/AndroidManifest.xml:113:7-116:23
action#com.google.zxing.client.android.SHARE
ADDED from src/main/AndroidManifest.xml:114:9-71
	android:name
		ADDED from src/main/AndroidManifest.xml:114:17-69
activity#com.google.zxing.client.android.history.HistoryActivity
ADDED from src/main/AndroidManifest.xml:118:5-120:46
	android:stateNotNeeded
		ADDED from src/main/AndroidManifest.xml:120:15-44
	android:label
		ADDED from src/main/AndroidManifest.xml:119:15-52
	android:name
		ADDED from src/main/AndroidManifest.xml:118:15-54
activity#com.google.zxing.client.android.share.BookmarkPickerActivity
ADDED from src/main/AndroidManifest.xml:121:5-123:46
	android:stateNotNeeded
		ADDED from src/main/AndroidManifest.xml:123:15-44
	android:label
		ADDED from src/main/AndroidManifest.xml:122:15-59
	android:name
		ADDED from src/main/AndroidManifest.xml:121:15-59
activity#com.google.zxing.client.android.share.AppPickerActivity
ADDED from src/main/AndroidManifest.xml:124:5-126:46
	android:stateNotNeeded
		ADDED from src/main/AndroidManifest.xml:126:15-44
	android:label
		ADDED from src/main/AndroidManifest.xml:125:15-54
	android:name
		ADDED from src/main/AndroidManifest.xml:124:15-54
activity#com.google.zxing.client.android.HelpActivity
ADDED from src/main/AndroidManifest.xml:127:5-130:46
	android:screenOrientation
		ADDED from src/main/AndroidManifest.xml:129:15-47
	android:stateNotNeeded
		ADDED from src/main/AndroidManifest.xml:130:15-44
	android:label
		ADDED from src/main/AndroidManifest.xml:128:15-48
	android:name
		ADDED from src/main/AndroidManifest.xml:127:15-43
uses-sdk
INJECTED from src/main/AndroidManifest.xml reason: use-sdk injection requested
INJECTED from src/main/AndroidManifest.xml
INJECTED from src/main/AndroidManifest.xml
	android:minSdkVersion
		INJECTED from src/main/AndroidManifest.xml
		ADDED from src/main/AndroidManifest.xml
		INJECTED from src/main/AndroidManifest.xml